#
# There is insufficient memory for the Java Runtime Environment to continue.
# Native memory allocation (malloc) failed to allocate 1048576 bytes for AllocateHeap
# Possible reasons:
#   The system is out of physical RAM or swap space
#   In 32 bit mode, the process size limit was hit
# Possible solutions:
#   Reduce memory load on the system
#   Increase physical memory or swap space
#   Check if swap backing store is full
#   Use 64 bit Java on a 64 bit OS
#   Decrease Java heap size (-Xmx/-Xms)
#   Decrease number of Java threads
#   Decrease Java thread stack sizes (-Xss)
#   Set larger code cache with -XX:ReservedCodeCacheSize=
# This output file may be truncated or incomplete.
#
#  Out of Memory Error (memory/allocation.inline.hpp:61), pid=20108, tid=0x0000000000003698
#
# JRE version:  (8.0_181-b13) (build )
# Java VM: Java HotSpot(TM) 64-Bit Server VM (25.181-b13 mixed mode windows-amd64 compressed oops)
# Failed to write core dump. Minidumps are not enabled by default on client versions of Windows
#

---------------  T H R E A D  ---------------

Current thread (0x00000000029be000):  JavaThread "Unknown thread" [_thread_in_vm, id=13976, stack(0x0000000002830000,0x0000000002930000)]

Stack: [0x0000000002830000,0x0000000002930000]
[error occurred during error reporting (printing stack bounds), id 0xc0000005]

Native frames: (J=compiled Java code, j=interpreted, Vv=VM code, C=native code)


---------------  P R O C E S S  ---------------

Java Threads: ( => current thread )

Other Threads:

=>0x00000000029be000 (exited) JavaThread "Unknown thread" [_thread_in_vm, id=13976, stack(0x0000000002830000,0x0000000002930000)]

VM state:not at safepoint (normal execution)

VM Mutex/Monitor currently owned by a thread: None

Heap:
 PSYoungGen      total 57344K, used 983K [0x0000000780a00000, 0x0000000784a00000, 0x00000007c0000000)
  eden space 49152K, 2% used [0x0000000780a00000,0x0000000780af5c38,0x0000000783a00000)
  from space 8192K, 0% used [0x0000000784200000,0x0000000784200000,0x0000000784a00000)
  to   space 8192K, 0% used [0x0000000783a00000,0x0000000783a00000,0x0000000784200000)
 ParOldGen       total 131072K, used 0K [0x0000000701e00000, 0x0000000709e00000, 0x0000000780a00000)
  object space 131072K, 0% used [0x0000000701e00000,0x0000000701e00000,0x0000000709e00000)
 Metaspace       used 751K, capacity 4480K, committed 4480K, reserved 1056768K
  class space    used 76K, capacity 384K, committed 384K, reserved 1048576K

Card table byte_map: [0x0000000011e80000,0x0000000012480000] byte_map_base: 0x000000000e671000

Marking Bits: (ParMarkBitMap*) 0x000000006a542d00
 Begin Bits: [0x0000000013080000, 0x0000000016008000)
 End Bits:   [0x0000000016008000, 0x0000000018f90000)

Polling page: 0x0000000000d70000

CodeCache: size=245760Kb used=328Kb max_used=328Kb free=245431Kb
 bounds [0x0000000002ac0000, 0x0000000002d30000, 0x0000000011ac0000]
 total_blobs=58 nmethods=0 adapters=38
 compilation: enabled

Compilation events (0 events):
No events

GC Heap History (0 events):
No events

Deoptimization events (0 events):
No events

Classes redefined (0 events):
No events

Internal exceptions (0 events):
No events

Events (10 events):
Event: 0.048 loading class java/lang/Short
Event: 0.048 loading class java/lang/Short done
Event: 0.048 loading class java/lang/Integer
Event: 0.048 loading class java/lang/Integer done
Event: 0.048 loading class java/lang/Long
Event: 0.049 loading class java/lang/Long done
Event: 0.050 loading class java/lang/NullPointerException
Event: 0.050 loading class java/lang/NullPointerException done
Event: 0.050 loading class java/lang/ArithmeticException
Event: 0.050 loading class java/lang/ArithmeticException done


Dynamic libraries:
0x00007ff60a980000 - 0x00007ff60a9b7000 	C:\Program Files\Java\jre1.8.0_181\bin\javaw.exe
0x00007ffe19420000 - 0x00007ffe19610000 	C:\WINDOWS\SYSTEM32\ntdll.dll
0x00007ffdeaaf0000 - 0x00007ffdeab04000 	C:\Program Files\AVAST Software\Avast\aswhook.dll
0x00007ffe18160000 - 0x00007ffe18212000 	C:\WINDOWS\System32\KERNEL32.DLL
0x00007ffe16430000 - 0x00007ffe166d3000 	C:\WINDOWS\System32\KERNELBASE.dll
0x00007ffe17c40000 - 0x00007ffe17ce3000 	C:\WINDOWS\System32\ADVAPI32.dll
0x00007ffe18220000 - 0x00007ffe182be000 	C:\WINDOWS\System32\msvcrt.dll
0x00007ffe17ba0000 - 0x00007ffe17c37000 	C:\WINDOWS\System32\sechost.dll
0x00007ffe17740000 - 0x00007ffe17860000 	C:\WINDOWS\System32\RPCRT4.dll
0x00007ffe188c0000 - 0x00007ffe18a54000 	C:\WINDOWS\System32\USER32.dll
0x00007ffe163b0000 - 0x00007ffe163d1000 	C:\WINDOWS\System32\win32u.dll
0x00007ffe174d0000 - 0x00007ffe174f6000 	C:\WINDOWS\System32\GDI32.dll
0x00007ffe167b0000 - 0x00007ffe16944000 	C:\WINDOWS\System32\gdi32full.dll
0x00007ffe17430000 - 0x00007ffe174ce000 	C:\WINDOWS\System32\msvcp_win.dll
0x00007ffe17330000 - 0x00007ffe1742a000 	C:\WINDOWS\System32\ucrtbase.dll
0x00007ffe06b80000 - 0x00007ffe06e05000 	C:\WINDOWS\WinSxS\amd64_microsoft.windows.common-controls_6595b64144ccf1df_6.0.18362.592_none_e6c0b1911312be02\COMCTL32.dll
0x00007ffe17860000 - 0x00007ffe17b96000 	C:\WINDOWS\System32\combase.dll
0x00007ffe172b0000 - 0x00007ffe17330000 	C:\WINDOWS\System32\bcryptPrimitives.dll
0x00007ffe18c50000 - 0x00007ffe18c7e000 	C:\WINDOWS\System32\IMM32.DLL
0x0000000069c40000 - 0x0000000069d12000 	C:\Program Files\Java\jre1.8.0_181\bin\msvcr100.dll
0x0000000069d20000 - 0x000000006a5c2000 	C:\Program Files\Java\jre1.8.0_181\bin\server\jvm.dll
0x00007ffe18b10000 - 0x00007ffe18b18000 	C:\WINDOWS\System32\PSAPI.DLL
0x00007ffe058c0000 - 0x00007ffe058c9000 	C:\WINDOWS\SYSTEM32\WSOCK32.dll
0x00007ffe176d0000 - 0x00007ffe1773f000 	C:\WINDOWS\System32\WS2_32.dll
0x00007ffe12580000 - 0x00007ffe125a4000 	C:\WINDOWS\SYSTEM32\WINMM.dll
0x00007ffe14e10000 - 0x00007ffe14e1a000 	C:\WINDOWS\SYSTEM32\VERSION.dll
0x00007ffe12500000 - 0x00007ffe1252d000 	C:\WINDOWS\SYSTEM32\WINMMBASE.dll
0x00007ffe163e0000 - 0x00007ffe1642a000 	C:\WINDOWS\System32\cfgmgr32.dll
0x000000006ab10000 - 0x000000006ab1f000 	C:\Program Files\Java\jre1.8.0_181\bin\verify.dll
0x000000006aae0000 - 0x000000006ab09000 	C:\Program Files\Java\jre1.8.0_181\bin\java.dll
0x000000006aac0000 - 0x000000006aad6000 	C:\Program Files\Java\jre1.8.0_181\bin\zip.dll

VM Arguments:
jvm_args: -Dfile.encoding=UTF-8 
java_command: LPGL_Maginot_Celien.TD5.App
java_class_path (initial): D:\eclipse\workspace\TD5\target\classes;C:\Users\celie\.p2\pool\plugins\org.junit_4.12.0.v201504281640\junit.jar;C:\Users\celie\.p2\pool\plugins\org.hamcrest.core_1.3.0.v20180420-1519.jar
Launcher Type: SUN_STANDARD

Environment Variables:
PATH=C:/Program Files/Java/jre1.8.0_181/bin/server;C:/Program Files/Java/jre1.8.0_181/bin;C:/Program Files/Java/jre1.8.0_181/lib/amd64;C:\Program Files (x86)\Common Files\Oracle\Java\javapath;C:\Program Files (x86)\Intel\iCLS Client\;C:\Program Files\Intel\iCLS Client\;C:\Windows\system32;C:\Windows;C:\Windows\System32\Wbem;C:\Windows\System32\WindowsPowerShell\v1.0\;C:\Program Files (x86)\Intel\Intel(R) Management Engine Components\DAL;C:\Program Files\Intel\Intel(R) Management Engine Components\DAL;C:\Program Files (x86)\Intel\Intel(R) Management Engine Components\IPT;C:\Program Files\Intel\Intel(R) Management Engine Components\IPT;C:\Program Files (x86)\NVIDIA Corporation\PhysX\Common;C:\WINDOWS\system32;C:\WINDOWS;C:\WINDOWS\System32\Wbem;C:\WINDOWS\System32\WindowsPowerShell\v1.0\;C:\WINDOWS\System32\OpenSSH\;C:\Program Files\nodejs\;C:\Program Files\MySQL\MySQL Shell 8.0\bin\;C:\Users\celie\AppData\Local\Microsoft\WindowsApps;C:\Users\celie\AppData\Roaming\npm;C:\Users\celie\AppData\Local\Programs\Microsoft VS Code\bin;D:\eclipse\eclipse;
USERNAME=celie
OS=Windows_NT
PROCESSOR_IDENTIFIER=Intel64 Family 6 Model 142 Stepping 10, GenuineIntel



---------------  S Y S T E M  ---------------

OS: Windows 10.0 , 64 bit Build 18362 (10.0.18362.329)

CPU:total 8 (initial active 8) (4 cores per cpu, 2 threads per core) family 6 model 142 stepping 10, cmov, cx8, fxsr, mmx, sse, sse2, sse3, ssse3, sse4.1, sse4.2, popcnt, avx, avx2, aes, clmul, erms, 3dnowpref, lzcnt, ht, tsc, tscinvbit, bmi1, bmi2, adx

Memory: 4k page, physical 12455524k(4104556k free), swap 21830596k(5560k free)

vm_info: Java HotSpot(TM) 64-Bit Server VM (25.181-b13) for windows-amd64 JRE (1.8.0_181-b13), built on Jul  7 2018 04:01:33 by "java_re" with MS VC++ 10.0 (VS2010)

time: Sun Feb 16 16:02:47 2020
elapsed time: 0 seconds (0d 0h 0m 0s)

